

Version:	3.12
CmdLine:	C:\Users\EVODIUS\eclipse-workspace\Final_Project_GUI_versi_55\apps\ATM.exe --l4j-debug
WOW64:		yes
Working dir:	C:\Users\EVODIUS\eclipse-workspace\Final_Project_GUI_versi_55\apps\.
Java min ver:	1.006.000
Java max ver:	
64-bit search:	SOFTWARE\JavaSoft\Java Runtime Environment...
32-bit search:	SOFTWARE\JavaSoft\Java Runtime Environment...
Check:		SOFTWARE\JavaSoft\Java Runtime Environment\1.8
Check launcher:	C:\Program Files (x86)\Java\jre1.8.0_251\bin\javaw.exe (OK)
Match:		1.008.000
Check:		SOFTWARE\JavaSoft\Java Runtime Environment\1.8.0_251
Check launcher:	C:\Program Files (x86)\Java\jre1.8.0_251\bin\javaw.exe (OK)
Match:		1.008.000_251
64-bit search:	SOFTWARE\JavaSoft\Java Development Kit...
32-bit search:	SOFTWARE\JavaSoft\Java Development Kit...
64-bit search:	SOFTWARE\JavaSoft\JRE...
32-bit search:	SOFTWARE\JavaSoft\JRE...
64-bit search:	SOFTWARE\JavaSoft\JDK...
Check:		SOFTWARE\JavaSoft\JDK\11.0.7
Check launcher:	C:\Program Files\Java\jdk-11.0.7\bin\javaw.exe (OK)
Match:		1.011.000_007
Runtime used:	1.011.000_007 (64-bit)
Main class:	GUI_INTERFACE_LOG_IN
Info:		Classpath not defined.
Launcher:	C:\Program Files\Java\jdk-11.0.7\bin\javaw.exe
Launcher args:	-classpath "C:\Users\EVODIUS\eclipse-workspace\Final_Project_GUI_versi_55\apps\ATM.exe" GUI_INTERFACE_LOG_IN
Args length:	108/32768 chars
Exit code:	0


Version:	3.12
CmdLine:	C:\Users\EVODIUS\eclipse-workspace\Final_Project_GUI_versi_55\apps\ATM.exe --l4j-debug
WOW64:		yes
Working dir:	C:\Users\EVODIUS\eclipse-workspace\Final_Project_GUI_versi_55\apps\.
Java min ver:	1.006.000
Java max ver:	
Bundled JRE:	C:\Users\EVODIUS\eclipse-workspace\Final_Project_GUI_versi_55\jre
Check launcher:	C:\Users\EVODIUS\eclipse-workspace\Final_Project_GUI_versi_55\jre\bin\javaw.exe (not found)
64-bit search:	SOFTWARE\JavaSoft\Java Runtime Environment...
32-bit search:	SOFTWARE\JavaSoft\Java Runtime Environment...
Check:		SOFTWARE\JavaSoft\Java Runtime Environment\1.8
Check launcher:	C:\Program Files (x86)\Java\jre1.8.0_251\bin\javaw.exe (OK)
Match:		1.008.000
Check:		SOFTWARE\JavaSoft\Java Runtime Environment\1.8.0_251
Check launcher:	C:\Program Files (x86)\Java\jre1.8.0_251\bin\javaw.exe (OK)
Match:		1.008.000_251
64-bit search:	SOFTWARE\JavaSoft\Java Development Kit...
32-bit search:	SOFTWARE\JavaSoft\Java Development Kit...
64-bit search:	SOFTWARE\JavaSoft\JRE...
32-bit search:	SOFTWARE\JavaSoft\JRE...
64-bit search:	SOFTWARE\JavaSoft\JDK...
Check:		SOFTWARE\JavaSoft\JDK\11.0.7
Check launcher:	C:\Program Files\Java\jdk-11.0.7\bin\javaw.exe (OK)
Match:		1.011.000_007
Runtime used:	1.011.000_007 (64-bit)
Main class:	GUI_INTERFACE_LOG_IN
Info:		Classpath not defined.
Launcher:	C:\Program Files\Java\jdk-11.0.7\bin\javaw.exe
Launcher args:	-classpath "C:\Users\EVODIUS\eclipse-workspace\Final_Project_GUI_versi_55\apps\ATM.exe" GUI_INTERFACE_LOG_IN
Args length:	108/32768 chars
Exit code:	0


Version:	3.12
CmdLine:	C:\Users\EVODIUS\eclipse-workspace\Final_Project_GUI_versi_55\apps\ATM.exe --l4j-debug
WOW64:		yes
Working dir:	C:\Users\EVODIUS\eclipse-workspace\Final_Project_GUI_versi_55\apps\.
Java min ver:	1.006.000
Java max ver:	
Bundled JRE:	C:\Users\EVODIUS\eclipse-workspace\Final_Project_GUI_versi_55\jre
Check launcher:	C:\Users\EVODIUS\eclipse-workspace\Final_Project_GUI_versi_55\jre\bin\javaw.exe (not found)
64-bit search:	SOFTWARE\JavaSoft\Java Runtime Environment...
32-bit search:	SOFTWARE\JavaSoft\Java Runtime Environment...
Check:		SOFTWARE\JavaSoft\Java Runtime Environment\1.8
Check launcher:	C:\Program Files (x86)\Java\jre1.8.0_251\bin\javaw.exe (OK)
Match:		1.008.000
Check:		SOFTWARE\JavaSoft\Java Runtime Environment\1.8.0_251
Check launcher:	C:\Program Files (x86)\Java\jre1.8.0_251\bin\javaw.exe (OK)
Match:		1.008.000_251
64-bit search:	SOFTWARE\JavaSoft\Java Development Kit...
32-bit search:	SOFTWARE\JavaSoft\Java Development Kit...
64-bit search:	SOFTWARE\JavaSoft\JRE...
32-bit search:	SOFTWARE\JavaSoft\JRE...
64-bit search:	SOFTWARE\JavaSoft\JDK...
Check:		SOFTWARE\JavaSoft\JDK\11.0.7
Check launcher:	C:\Program Files\Java\jdk-11.0.7\bin\javaw.exe (OK)
Match:		1.011.000_007
Runtime used:	1.011.000_007 (64-bit)
Main class:	GUI_INTERFACE_LOG_IN
Info:		Classpath not defined.
Launcher:	C:\Program Files\Java\jdk-11.0.7\bin\javaw.exe
Launcher args:	-classpath "C:\Users\EVODIUS\eclipse-workspace\Final_Project_GUI_versi_55\apps\ATM.exe" GUI_INTERFACE_LOG_IN
Args length:	108/32768 chars
Exit code:	0


Version:	3.12
CmdLine:	C:\Users\EVODIUS\eclipse-workspace\Final_Project_GUI_versi_55\apps\ATM.exe --l4j-debug
WOW64:		yes
Working dir:	C:\Users\EVODIUS\eclipse-workspace\Final_Project_GUI_versi_55\apps\.
Java min ver:	1.006.000
Java max ver:	
Bundled JRE:	C:\Users\EVODIUS\eclipse-workspace\Final_Project_GUI_versi_55\jre
Check launcher:	C:\Users\EVODIUS\eclipse-workspace\Final_Project_GUI_versi_55\jre\bin\javaw.exe (not found)
64-bit search:	SOFTWARE\JavaSoft\Java Runtime Environment...
32-bit search:	SOFTWARE\JavaSoft\Java Runtime Environment...
Check:		SOFTWARE\JavaSoft\Java Runtime Environment\1.8
Check launcher:	C:\Program Files (x86)\Java\jre1.8.0_251\bin\javaw.exe (OK)
Match:		1.008.000
Check:		SOFTWARE\JavaSoft\Java Runtime Environment\1.8.0_251
Check launcher:	C:\Program Files (x86)\Java\jre1.8.0_251\bin\javaw.exe (OK)
Match:		1.008.000_251
64-bit search:	SOFTWARE\JavaSoft\Java Development Kit...
32-bit search:	SOFTWARE\JavaSoft\Java Development Kit...
64-bit search:	SOFTWARE\JavaSoft\JRE...
32-bit search:	SOFTWARE\JavaSoft\JRE...
64-bit search:	SOFTWARE\JavaSoft\JDK...
Check:		SOFTWARE\JavaSoft\JDK\11.0.7
Check launcher:	C:\Program Files\Java\jdk-11.0.7\bin\javaw.exe (OK)
Match:		1.011.000_007
Runtime used:	1.011.000_007 (64-bit)
Launcher:	C:\Program Files\Java\jdk-11.0.7\bin\javaw.exe
Launcher args:	-jar "C:\Users\EVODIUS\eclipse-workspace\Final_Project_GUI_versi_55\apps\ATM.exe"
Args length:	81/32768 chars
Exit code:	0


Version:	3.12
CmdLine:	C:\Users\EVODIUS\eclipse-workspace\Final_Project_GUI_versi_55\apps\ATM.exe --l4j-debug
WOW64:		yes
Working dir:	C:\Users\EVODIUS\eclipse-workspace\Final_Project_GUI_versi_55\apps\.
Java min ver:	1.006.000
Java max ver:	
Bundled JRE:	C:\Users\EVODIUS\eclipse-workspace\Final_Project_GUI_versi_55\jre
Check launcher:	C:\Users\EVODIUS\eclipse-workspace\Final_Project_GUI_versi_55\jre\bin\javaw.exe (not found)
64-bit search:	SOFTWARE\JavaSoft\Java Runtime Environment...
32-bit search:	SOFTWARE\JavaSoft\Java Runtime Environment...
Check:		SOFTWARE\JavaSoft\Java Runtime Environment\1.8
Check launcher:	C:\Program Files (x86)\Java\jre1.8.0_251\bin\javaw.exe (OK)
Match:		1.008.000
Check:		SOFTWARE\JavaSoft\Java Runtime Environment\1.8.0_251
Check launcher:	C:\Program Files (x86)\Java\jre1.8.0_251\bin\javaw.exe (OK)
Match:		1.008.000_251
64-bit search:	SOFTWARE\JavaSoft\Java Development Kit...
32-bit search:	SOFTWARE\JavaSoft\Java Development Kit...
64-bit search:	SOFTWARE\JavaSoft\JRE...
32-bit search:	SOFTWARE\JavaSoft\JRE...
64-bit search:	SOFTWARE\JavaSoft\JDK...
Check:		SOFTWARE\JavaSoft\JDK\11.0.7
Check launcher:	C:\Program Files\Java\jdk-11.0.7\bin\javaw.exe (OK)
Match:		1.011.000_007
Runtime used:	1.011.000_007 (64-bit)
Launcher:	C:\Program Files\Java\jdk-11.0.7\bin\javaw.exe
Launcher args:	-jar "C:\Users\EVODIUS\eclipse-workspace\Final_Project_GUI_versi_55\apps\ATM.exe"
Args length:	81/32768 chars
Exit code:	0


Version:	3.12
CmdLine:	C:\Users\EVODIUS\eclipse-workspace\Final_Project_GUI_versi_55\apps\ATM.exe --l4j-debug
WOW64:		yes
Working dir:	C:\Users\EVODIUS\eclipse-workspace\Final_Project_GUI_versi_55\apps\.
Java min ver:	1.006.000
Java max ver:	
Bundled JRE:	C:\Users\EVODIUS\eclipse-workspace\Final_Project_GUI_versi_55\jre
Check launcher:	C:\Users\EVODIUS\eclipse-workspace\Final_Project_GUI_versi_55\jre\bin\javaw.exe (not found)
64-bit search:	SOFTWARE\JavaSoft\Java Runtime Environment...
32-bit search:	SOFTWARE\JavaSoft\Java Runtime Environment...
Check:		SOFTWARE\JavaSoft\Java Runtime Environment\1.8
Check launcher:	C:\Program Files (x86)\Java\jre1.8.0_251\bin\javaw.exe (OK)
Match:		1.008.000
Check:		SOFTWARE\JavaSoft\Java Runtime Environment\1.8.0_251
Check launcher:	C:\Program Files (x86)\Java\jre1.8.0_251\bin\javaw.exe (OK)
Match:		1.008.000_251
64-bit search:	SOFTWARE\JavaSoft\Java Development Kit...
32-bit search:	SOFTWARE\JavaSoft\Java Development Kit...
64-bit search:	SOFTWARE\JavaSoft\JRE...
32-bit search:	SOFTWARE\JavaSoft\JRE...
64-bit search:	SOFTWARE\JavaSoft\JDK...
Check:		SOFTWARE\JavaSoft\JDK\11.0.7
Check launcher:	C:\Program Files\Java\jdk-11.0.7\bin\javaw.exe (OK)
Match:		1.011.000_007
Runtime used:	1.011.000_007 (64-bit)
Launcher:	C:\Program Files\Java\jdk-11.0.7\bin\javaw.exe
Launcher args:	-jar "C:\Users\EVODIUS\eclipse-workspace\Final_Project_GUI_versi_55\apps\ATM.exe"
Args length:	81/32768 chars
Exit code:	0


Version:	3.12
CmdLine:	C:\Users\EVODIUS\eclipse-workspace\Final_Project_GUI_versi_55\apps\ATM.exe --l4j-debug
WOW64:		yes
Working dir:	C:\Users\EVODIUS\eclipse-workspace\Final_Project_GUI_versi_55\apps\.
Java min ver:	1.008.000
Java max ver:	1.011.000_007
Bundled JRE:	C:\Users\EVODIUS\eclipse-workspace\Final_Project_GUI_versi_55\jre
Check launcher:	C:\Users\EVODIUS\eclipse-workspace\Final_Project_GUI_versi_55\jre\bin\javaw.exe (not found)
64-bit search:	SOFTWARE\JavaSoft\Java Development Kit...
32-bit search:	SOFTWARE\JavaSoft\Java Development Kit...
64-bit search:	SOFTWARE\JavaSoft\Java Runtime Environment...
32-bit search:	SOFTWARE\JavaSoft\Java Runtime Environment...
Check:		SOFTWARE\JavaSoft\Java Runtime Environment\1.8
Check launcher:	C:\Program Files (x86)\Java\jre1.8.0_251\bin\javaw.exe (OK)
Match:		1.008.000
Check:		SOFTWARE\JavaSoft\Java Runtime Environment\1.8.0_251
Check launcher:	C:\Program Files (x86)\Java\jre1.8.0_251\bin\javaw.exe (OK)
Match:		1.008.000_251
64-bit search:	SOFTWARE\JavaSoft\JDK...
Check:		SOFTWARE\JavaSoft\JDK\11.0.7
Check launcher:	C:\Program Files\Java\jdk-11.0.7\bin\javaw.exe (OK)
Match:		1.011.000_007
64-bit search:	SOFTWARE\JavaSoft\JRE...
Runtime used:	1.011.000_007 (64-bit)
Launcher:	C:\Program Files\Java\jdk-11.0.7\bin\javaw.exe
Launcher args:	-jar "C:\Users\EVODIUS\eclipse-workspace\Final_Project_GUI_versi_55\apps\ATM.exe"
Args length:	81/32768 chars
Exit code:	0


Version:	3.12
CmdLine:	C:\Users\EVODIUS\eclipse-workspace\Final_Project_GUI_versi_55\apps\ATM.exe --l4j-debug
WOW64:		yes
Working dir:	C:\Users\EVODIUS\eclipse-workspace\Final_Project_GUI_versi_55\apps\.
Java min ver:	1.008.000
Java max ver:	1.011.000_007
Bundled JRE:	C:\Users\EVODIUS\eclipse-workspace\Final_Project_GUI_versi_55\jre
Check launcher:	C:\Users\EVODIUS\eclipse-workspace\Final_Project_GUI_versi_55\jre\bin\javaw.exe (not found)
64-bit search:	SOFTWARE\JavaSoft\Java Development Kit...
32-bit search:	SOFTWARE\JavaSoft\Java Development Kit...
64-bit search:	SOFTWARE\JavaSoft\Java Runtime Environment...
32-bit search:	SOFTWARE\JavaSoft\Java Runtime Environment...
64-bit search:	SOFTWARE\JavaSoft\JDK...
Check:		SOFTWARE\JavaSoft\JDK\11.0.7
Check launcher:	C:\Program Files\Java\jdk-11.0.7\bin\javaw.exe (OK)
Match:		1.011.000_007
64-bit search:	SOFTWARE\JavaSoft\JRE...
Runtime used:	1.011.000_007 (64-bit)
Launcher:	C:\Program Files\Java\jdk-11.0.7\bin\javaw.exe
Launcher args:	-jar "C:\Users\EVODIUS\eclipse-workspace\Final_Project_GUI_versi_55\apps\ATM.exe"
Args length:	81/32768 chars
Exit code:	0


Version:	3.12
CmdLine:	C:\Users\EVODIUS\eclipse-workspace\Final_Project_GUI_versi_55\apps\ATM.exe --l4j-debug
WOW64:		yes
Working dir:	C:\Users\EVODIUS\eclipse-workspace\Final_Project_GUI_versi_55\apps\.
Java min ver:	1.008.000
Java max ver:	1.011.000_007
64-bit search:	SOFTWARE\JavaSoft\Java Runtime Environment...
Check:		SOFTWARE\JavaSoft\Java Runtime Environment\1.8
Check launcher:	C:\Program Files\Java\jre1.8.0_251\bin\javaw.exe (OK)
Match:		1.008.000
Check:		SOFTWARE\JavaSoft\Java Runtime Environment\1.8.0_251
Check launcher:	C:\Program Files\Java\jre1.8.0_251\bin\javaw.exe (OK)
Match:		1.008.000_251
64-bit search:	SOFTWARE\JavaSoft\Java Development Kit...
64-bit search:	SOFTWARE\JavaSoft\JRE...
64-bit search:	SOFTWARE\JavaSoft\JDK...
Check:		SOFTWARE\JavaSoft\JDK\11.0.7
Check launcher:	C:\Program Files\Java\jdk-11.0.7\bin\javaw.exe (OK)
Match:		1.011.000_007
Runtime used:	1.011.000_007 (64-bit)
Launcher:	C:\Program Files\Java\jdk-11.0.7\bin\javaw.exe
Launcher args:	-jar "C:\Users\EVODIUS\eclipse-workspace\Final_Project_GUI_versi_55\apps\ATM.exe"
Args length:	81/32768 chars
Exit code:	0
